<?xml version="1.0" encoding="UTF-8"?>
<!-- Generated by org.testng.reporters.JUnitReportReporter -->
<testsuite hostname="DESKTOP-ICK7TQU" failures="0" tests="2" name="com.hudson.testcases.LoginPageTest" time="19.432" errors="0" timestamp="2021-02-06T00:54:45 EST" skipped="0">
  <testcase classname="com.hudson.testcases.LoginPageTest" name="verifyTitleTest" time="8.426"/>
  <system-out/>
  <testcase classname="com.hudson.testcases.LoginPageTest" name="verifyLoginTest" time="11.006"/>
  <system-out/>
</testsuite> <!-- com.hudson.testcases.LoginPageTest -->
