<?xml version="1.0" encoding="UTF-8"?>
<!-- Generated by org.testng.reporters.JUnitReportReporter -->
<testsuite hostname="DESKTOP-ICK7TQU" failures="0" tests="1" name="com.hudson.testcases.LoginPageTest" time="13.541" errors="0" timestamp="2021-02-05T23:44:15 EST" skipped="0">
  <testcase classname="com.hudson.testcases.LoginPageTest" name="verifyLoginTest" time="13.541"/>
  <system-out/>
</testsuite> <!-- com.hudson.testcases.LoginPageTest -->
